{
  "run_id": "run_1765653319",
  "scenario": "self/must_modify",
  "agent": "crush",
  "agent_version": "0.23.0",
  "model": "grok-4-1-fast-reasoning",
  "started_at": "2025-12-13T19:15:19.658081637Z",
  "progress": {
    "run_id": "run_1765653319",
    "scenario": "self/must_modify",
    "agent": "crush",
    "agent_version": "0.23.0",
    "model": "grok-4-1-fast-reasoning",
    "started_at": "2025-12-13T19:15:19.658081637Z",
    "updated_at": "2025-12-13T19:17:49.325244762Z",
    "ended_at": "2025-12-13T19:17:49.325242304Z",
    "duration_seconds": 149.667443027,
    "token_usage": {
      "input": 62200,
      "cached_input": 0,
      "write_cached_input": 0,
      "output": 305,
      "total": 62505,
      "cost": 0.17101365
    }
  },
  "verified_at": "2025-12-13T19:17:49.926780846Z",
  "success": false,
  "tests": [
    {
      "name": "./...",
      "passed": false,
      "output": "ok  \tgithub.com/codalotl/goagentbench\t(cached)\nok  \tgithub.com/codalotl/goagentbench/internal/agents\t(cached)\nok  \tgithub.com/codalotl/goagentbench/internal/ansi\t(cached)\n?   \tgithub.com/codalotl/goagentbench/internal/cli\t[no test files]\nok  \tgithub.com/codalotl/goagentbench/internal/fsutil\t(cached)\n?   \tgithub.com/codalotl/goagentbench/internal/output\t[no test files]\nok  \tgithub.com/codalotl/goagentbench/internal/scenario\t(cached)\n?   \tgithub.com/codalotl/goagentbench/internal/setup\t[no test files]\n?   \tgithub.com/codalotl/goagentbench/internal/types\t[no test files]\n?   \tgithub.com/codalotl/goagentbench/internal/verify\t[no test files]\n--- FAIL: TestRunEnforcesMustModifyRules (0.07s)\n    --- FAIL: TestRunEnforcesMustModifyRules/passesWithMustModifySatisfiedAndOtherChangesAllowed (0.01s)\n        gab_test.go:157: \n            \tError Trace:\t/workspace/workspace/self/must_modify/internal/verify/gab/gab_test.go:157\n            \tError:      \tShould be true\n            \tTest:       \tTestRunEnforcesMustModifyRules/passesWithMustModifySatisfiedAndOtherChangesAllowed\n    --- FAIL: TestRunEnforcesMustModifyRules/passesWhenMustModifySatisfiedByUntrackedFile (0.01s)\n        gab_test.go:157: \n            \tError Trace:\t/workspace/workspace/self/must_modify/internal/verify/gab/gab_test.go:157\n            \tError:      \tShould be true\n            \tTest:       \tTestRunEnforcesMustModifyRules/passesWhenMustModifySatisfiedByUntrackedFile\n    --- FAIL: TestRunEnforcesMustModifyRules/passesWhenMustModifySatisfiedByDeletion (0.01s)\n        gab_test.go:157: \n            \tError Trace:\t/workspace/workspace/self/must_modify/internal/verify/gab/gab_test.go:157\n            \tError:      \tShould be true\n            \tTest:       \tTestRunEnforcesMustModifyRules/passesWhenMustModifySatisfiedByDeletion\n    --- FAIL: TestRunEnforcesMustModifyRules/passesWhenMustModifyEntryHasTrailingSlash (0.01s)\n        gab_test.go:157: \n            \tError Trace:\t/workspace/workspace/self/must_modify/internal/verify/gab/gab_test.go:157\n            \tError:      \tShould be true\n            \tTest:       \tTestRunEnforcesMustModifyRules/passesWhenMustModifyEntryHasTrailingSlash\nFAIL\nFAIL\tgithub.com/codalotl/goagentbench/internal/verify/gab\t0.076s\n?   \tgithub.com/codalotl/goagentbench/internal/workspace\t[no test files]\nFAIL\n",
      "error": "exit status 1"
    }
  ]
}