{
  "run_id": "run_1765218506",
  "scenario": "self/must_modify",
  "agent": "cursor-agent",
  "agent_version": "2025.11.25-d5b3271",
  "model": "composer-1",
  "started_at": "2025-12-08T10:28:26.631557-08:00",
  "progress": {
    "run_id": "run_1765218506",
    "scenario": "self/must_modify",
    "agent": "cursor-agent",
    "agent_version": "2025.11.25-d5b3271",
    "model": "composer-1",
    "started_at": "2025-12-08T10:28:26.631557-08:00",
    "updated_at": "2025-12-08T10:29:19.357904-08:00",
    "session": "234501ea-f801-4e14-b142-1b0db092ff9f",
    "ended_at": "2025-12-08T10:29:19.3579-08:00",
    "duration_seconds": 52.72628775,
    "token_usage": {
      "input": 26486,
      "cached_input": 738112,
      "output": 10516,
      "total": 775114,
      "cost": 0.2305315
    }
  },
  "verified_at": "2025-12-08T10:29:21.366547-08:00",
  "success": false,
  "tests": [
    {
      "name": "./...",
      "passed": false,
      "output": "ok  \tgithub.com/codalotl/goagentbench\t0.169s\nok  \tgithub.com/codalotl/goagentbench/internal/agents\t0.309s\nok  \tgithub.com/codalotl/goagentbench/internal/ansi\t0.442s\n?   \tgithub.com/codalotl/goagentbench/internal/cli\t[no test files]\nok  \tgithub.com/codalotl/goagentbench/internal/fsutil\t0.577s\n?   \tgithub.com/codalotl/goagentbench/internal/output\t[no test files]\nok  \tgithub.com/codalotl/goagentbench/internal/scenario\t0.705s\n?   \tgithub.com/codalotl/goagentbench/internal/setup\t[no test files]\n?   \tgithub.com/codalotl/goagentbench/internal/types\t[no test files]\n--- FAIL: TestRunEnforcesModificationRules (0.46s)\n    --- FAIL: TestRunEnforcesModificationRules/requiresMustModifyChanges (0.14s)\n        gab_test.go:92: \n            \tError Trace:\t/Users/jonathannovak/gab_workspace/self/must_modify/internal/verify/gab_test.go:92\n            \tError:      \t\"[]\" should have 1 item(s), but has 0\n            \tTest:       \tTestRunEnforcesModificationRules/requiresMustModifyChanges\n    --- FAIL: TestRunEnforcesModificationRules/failsOnNoModifyChanges (0.08s)\n        gab_test.go:85: \n            \tError Trace:\t/Users/jonathannovak/gab_workspace/self/must_modify/internal/verify/gab_test.go:85\n            \tError:      \tNot equal: \n            \t            \texpected: false\n            \t            \tactual  : true\n            \tTest:       \tTestRunEnforcesModificationRules/failsOnNoModifyChanges\n    --- FAIL: TestRunEnforcesModificationRules/mustModifyRuleNotSatisfied (0.08s)\n        gab_test.go:92: \n            \tError Trace:\t/Users/jonathannovak/gab_workspace/self/must_modify/internal/verify/gab_test.go:92\n            \tError:      \t\"[]\" should have 1 item(s), but has 0\n            \tTest:       \tTestRunEnforcesModificationRules/mustModifyRuleNotSatisfied\n    --- FAIL: TestRunEnforcesModificationRules/directoryRuleIsNotRecursive (0.08s)\n        gab_test.go:92: \n            \tError Trace:\t/Users/jonathannovak/gab_workspace/self/must_modify/internal/verify/gab_test.go:92\n            \tError:      \t\"[]\" should have 1 item(s), but has 0\n            \tTest:       \tTestRunEnforcesModificationRules/directoryRuleIsNotRecursive\nFAIL\nFAIL\tgithub.com/codalotl/goagentbench/internal/verify\t1.299s\n?   \tgithub.com/codalotl/goagentbench/internal/workspace\t[no test files]\nFAIL\n",
      "error": "exit status 1"
    }
  ]
}
