{
  "run_id": "run_1765497074",
  "scenario": "self/must_modify",
  "agent": "crush",
  "agent_version": "0.23.0",
  "model": "grok-code-fast-1",
  "started_at": "2025-12-11T23:51:14.562610839Z",
  "progress": {
    "run_id": "run_1765497074",
    "scenario": "self/must_modify",
    "agent": "crush",
    "agent_version": "0.23.0",
    "model": "grok-code-fast-1",
    "started_at": "2025-12-11T23:51:14.562610839Z",
    "updated_at": "2025-12-11T23:57:34.902509543Z",
    "ended_at": "2025-12-11T23:57:34.902504126Z",
    "duration_seconds": 380.345262547,
    "token_usage": {
      "input": 328,
      "cached_input": 0,
      "write_cached_input": 0,
      "output": 58410,
      "total": 58738,
      "cost": 0.9905167
    }
  },
  "verified_at": "2025-12-11T23:57:35.642840127Z",
  "success": false,
  "tests": [
    {
      "name": "./...",
      "passed": false,
      "output": "ok  \tgithub.com/codalotl/goagentbench\t(cached)\nok  \tgithub.com/codalotl/goagentbench/internal/agents\t(cached)\nok  \tgithub.com/codalotl/goagentbench/internal/ansi\t(cached)\n?   \tgithub.com/codalotl/goagentbench/internal/cli\t[no test files]\nok  \tgithub.com/codalotl/goagentbench/internal/fsutil\t(cached)\n?   \tgithub.com/codalotl/goagentbench/internal/output\t[no test files]\nok  \tgithub.com/codalotl/goagentbench/internal/scenario\t(cached)\n?   \tgithub.com/codalotl/goagentbench/internal/setup\t[no test files]\n?   \tgithub.com/codalotl/goagentbench/internal/types\t[no test files]\n--- FAIL: TestRunEnforcesModificationRules (0.03s)\n    --- FAIL: TestRunEnforcesModificationRules/requiresMustModifyChanges (0.01s)\n        gab_test.go:92: \n            \tError Trace:\t/workspace/workspace/self/must_modify/internal/verify/gab_test.go:92\n            \tError:      \t\"[]\" should have 1 item(s), but has 0\n            \tTest:       \tTestRunEnforcesModificationRules/requiresMustModifyChanges\n    --- FAIL: TestRunEnforcesModificationRules/failsOnNoModifyChanges (0.01s)\n        gab_test.go:92: \n            \tError Trace:\t/workspace/workspace/self/must_modify/internal/verify/gab_test.go:92\n            \tError:      \t\"[]\" should have 1 item(s), but has 0\n            \tTest:       \tTestRunEnforcesModificationRules/failsOnNoModifyChanges\n    --- FAIL: TestRunEnforcesModificationRules/mustModifyRuleNotSatisfied (0.01s)\n        gab_test.go:92: \n            \tError Trace:\t/workspace/workspace/self/must_modify/internal/verify/gab_test.go:92\n            \tError:      \t\"[]\" should have 1 item(s), but has 0\n            \tTest:       \tTestRunEnforcesModificationRules/mustModifyRuleNotSatisfied\n    --- FAIL: TestRunEnforcesModificationRules/directoryRuleIsNotRecursive (0.01s)\n        gab_test.go:92: \n            \tError Trace:\t/workspace/workspace/self/must_modify/internal/verify/gab_test.go:92\n            \tError:      \t\"[]\" should have 1 item(s), but has 0\n            \tTest:       \tTestRunEnforcesModificationRules/directoryRuleIsNotRecursive\nFAIL\nFAIL\tgithub.com/codalotl/goagentbench/internal/verify\t0.048s\n?   \tgithub.com/codalotl/goagentbench/internal/workspace\t[no test files]\nFAIL\n",
      "error": "exit status 1"
    }
  ]
}