{
  "run_id": "run_1765491272",
  "scenario": "self/parse_test_file",
  "agent": "crush",
  "agent_version": "0.23.0",
  "model": "grok-code-fast-1",
  "started_at": "2025-12-11T14:14:32.195093-08:00",
  "progress": {
    "run_id": "run_1765491272",
    "scenario": "self/parse_test_file",
    "agent": "crush",
    "agent_version": "0.23.0",
    "model": "grok-code-fast-1",
    "started_at": "2025-12-11T14:14:32.195093-08:00",
    "updated_at": "2025-12-11T14:15:36.189174-08:00",
    "ended_at": "2025-12-11T14:15:36.189166-08:00",
    "duration_seconds": 63.994519083,
    "token_usage": {
      "input": 116,
      "cached_input": 0,
      "write_cached_input": 0,
      "output": 21577,
      "total": 21693,
      "cost": 0.1074708
    }
  },
  "verified_at": "2025-12-11T14:23:57.23921-08:00",
  "success": false,
  "tests": [
    {
      "name": "./...",
      "passed": false,
      "output": "?   \tgithub.com/codalotl/goagentbench\t[no test files]\n?   \tgithub.com/codalotl/goagentbench/internal/agents\t[no test files]\n?   \tgithub.com/codalotl/goagentbench/internal/cli\t[no test files]\n?   \tgithub.com/codalotl/goagentbench/internal/fsutil\t[no test files]\n--- FAIL: TestGABScenarioTestTargets_Invalid (0.00s)\n    --- FAIL: TestGABScenarioTestTargets_Invalid/absolute_path (0.00s)\n        gab_scenario_test.go:121: \n            \tError Trace:\t/Users/jonathannovak/gab_workspace/self/parse_test_file/internal/scenario/gab_scenario_test.go:121\n            \tError:      \tAn error is expected but got nil.\n            \tTest:       \tTestGABScenarioTestTargets_Invalid/absolute_path\n    --- FAIL: TestGABScenarioTestTargets_Invalid/double_dash_run (0.00s)\n        gab_scenario_test.go:121: \n            \tError Trace:\t/Users/jonathannovak/gab_workspace/self/parse_test_file/internal/scenario/gab_scenario_test.go:121\n            \tError:      \tAn error is expected but got nil.\n            \tTest:       \tTestGABScenarioTestTargets_Invalid/double_dash_run\n    --- FAIL: TestGABScenarioTestTargets_Invalid/missing_run_pattern (0.00s)\n        gab_scenario_test.go:121: \n            \tError Trace:\t/Users/jonathannovak/gab_workspace/self/parse_test_file/internal/scenario/gab_scenario_test.go:121\n            \tError:      \tAn error is expected but got nil.\n            \tTest:       \tTestGABScenarioTestTargets_Invalid/missing_run_pattern\n    --- FAIL: TestGABScenarioTestTargets_Invalid/missing_run_pattern_with_space (0.00s)\n        gab_scenario_test.go:121: \n            \tError Trace:\t/Users/jonathannovak/gab_workspace/self/parse_test_file/internal/scenario/gab_scenario_test.go:121\n            \tError:      \tAn error is expected but got nil.\n            \tTest:       \tTestGABScenarioTestTargets_Invalid/missing_run_pattern_with_space\n    --- FAIL: TestGABScenarioTestTargets_Invalid/multiple_run (0.00s)\n        gab_scenario_test.go:121: \n            \tError Trace:\t/Users/jonathannovak/gab_workspace/self/parse_test_file/internal/scenario/gab_scenario_test.go:121\n            \tError:      \tAn error is expected but got nil.\n            \tTest:       \tTestGABScenarioTestTargets_Invalid/multiple_run\n    --- FAIL: TestGABScenarioTestTargets_Invalid/package_ellipsis_with_run (0.00s)\n        gab_scenario_test.go:121: \n            \tError Trace:\t/Users/jonathannovak/gab_workspace/self/parse_test_file/internal/scenario/gab_scenario_test.go:121\n            \tError:      \tAn error is expected but got nil.\n            \tTest:       \tTestGABScenarioTestTargets_Invalid/package_ellipsis_with_run\n    --- FAIL: TestGABScenarioTestTargets_Invalid/mismatched_quotes (0.00s)\n        gab_scenario_test.go:121: \n            \tError Trace:\t/Users/jonathannovak/gab_workspace/self/parse_test_file/internal/scenario/gab_scenario_test.go:121\n            \tError:      \tAn error is expected but got nil.\n            \tTest:       \tTestGABScenarioTestTargets_Invalid/mismatched_quotes\n    --- FAIL: TestGABScenarioTestTargets_Invalid/target_starts_with_dash (0.00s)\n        gab_scenario_test.go:121: \n            \tError Trace:\t/Users/jonathannovak/gab_workspace/self/parse_test_file/internal/scenario/gab_scenario_test.go:121\n            \tError:      \tAn error is expected but got nil.\n            \tTest:       \tTestGABScenarioTestTargets_Invalid/target_starts_with_dash\nFAIL\nFAIL\tgithub.com/codalotl/goagentbench/internal/scenario\t0.281s\n?   \tgithub.com/codalotl/goagentbench/internal/setup\t[no test files]\n?   \tgithub.com/codalotl/goagentbench/internal/types\t[no test files]\n?   \tgithub.com/codalotl/goagentbench/internal/verify\t[no test files]\n?   \tgithub.com/codalotl/goagentbench/internal/workspace\t[no test files]\nFAIL\n",
      "error": "exit status 1"
    }
  ]
}